<?xml version="1.0" encoding="UTF-8"?>
<!-- Generated by org.testng.reporters.JUnitReportReporter -->
<testsuite skipped="0" hostname="DESKTOP-E13GJAV" name="com.kraken.tests.OhlcTests" tests="6" failures="0" timestamp="2022-07-02T23:01:17 CEST" time="9.248" errors="0">
  <testcase name="validateEndTimeIsAfterBeginTime" time="1.525" classname="com.kraken.tests.OhlcTests"/>
  <system-out/>
  <testcase name="validateOpenAndClosePricesAreWithInDailyHighAndLow" time="1.525" classname="com.kraken.tests.OhlcTests"/>
  <system-out/>
  <testcase name="validateOpenAndClosePricesAreWithInDailyHighAndLow" time="1.527" classname="com.kraken.tests.OhlcTests"/>
  <system-out/>
  <testcase name="validateSymbolIsCorrect" time="1.536" classname="com.kraken.tests.OhlcTests"/>
  <system-out/>
  <testcase name="validateSymbolIsCorrect" time="1.551" classname="com.kraken.tests.OhlcTests"/>
  <system-out/>
  <testcase name="validateEndTimeIsAfterBeginTime" time="1.584" classname="com.kraken.tests.OhlcTests"/>
  <system-out/>
</testsuite> <!-- com.kraken.tests.OhlcTests -->
