<?xml version="1.0" encoding="UTF-8"?>
<!-- Generated by org.testng.reporters.JUnitReportReporter -->
<testsuite skipped="0" hostname="DESKTOP-E13GJAV" name="com.kraken.tests.TickerTests" tests="8" failures="0" timestamp="2022-07-02T23:01:17 CEST" time="12.275" errors="0">
  <testcase name="validateBestAskIsGreaterThanBestBid" time="1.534" classname="com.kraken.tests.TickerTests"/>
  <system-out/>
  <testcase name="validateBidAndAskPricesAreWithInDailyHighAndLow" time="1.532" classname="com.kraken.tests.TickerTests"/>
  <system-out/>
  <testcase name="validateBestAskIsGreaterThanBestBid" time="1.533" classname="com.kraken.tests.TickerTests"/>
  <system-out/>
  <testcase name="validateBidAndAskPricesAreWithInDailyHighAndLow" time="1.533" classname="com.kraken.tests.TickerTests"/>
  <system-out/>
  <testcase name="validateSymbolIsCorrect" time="1.548" classname="com.kraken.tests.TickerTests"/>
  <system-out/>
  <testcase name="validateOpenAndClosePricesAreWithInDailyHighAndLow" time="1.540" classname="com.kraken.tests.TickerTests"/>
  <system-out/>
  <testcase name="validateOpenAndClosePricesAreWithInDailyHighAndLow" time="1.526" classname="com.kraken.tests.TickerTests"/>
  <system-out/>
  <testcase name="validateSymbolIsCorrect" time="1.529" classname="com.kraken.tests.TickerTests"/>
  <system-out/>
</testsuite> <!-- com.kraken.tests.TickerTests -->
