<?xml version="1.0" encoding="UTF-8"?>
<!-- Generated by org.testng.reporters.JUnitReportReporter -->
<testsuite skipped="0" hostname="DESKTOP-E13GJAV" name="com.kraken.tests.TradeTests" tests="8" failures="0" timestamp="2022-07-02T23:01:17 CEST" time="42.776" errors="0">
  <testcase name="validateTriggeringOrderTypeIsCorrect" time="4.587" classname="com.kraken.tests.TradeTests"/>
  <system-out/>
  <testcase name="validatePriceAndVolumeAreNotZero" time="5.115" classname="com.kraken.tests.TradeTests"/>
  <system-out/>
  <testcase name="validateSymbolIsCorrect" time="3.042" classname="com.kraken.tests.TradeTests"/>
  <system-out/>
  <testcase name="validateSymbolIsCorrect" time="7.120" classname="com.kraken.tests.TradeTests"/>
  <system-out/>
  <testcase name="validateTriggeringOrderSideIsCorrect" time="4.067" classname="com.kraken.tests.TradeTests"/>
  <system-out/>
  <testcase name="validateTriggeringOrderTypeIsCorrect" time="1.545" classname="com.kraken.tests.TradeTests"/>
  <system-out/>
  <testcase name="validateTriggeringOrderSideIsCorrect" time="1.536" classname="com.kraken.tests.TradeTests"/>
  <system-out/>
  <testcase name="validatePriceAndVolumeAreNotZero" time="15.764" classname="com.kraken.tests.TradeTests"/>
  <system-out/>
</testsuite> <!-- com.kraken.tests.TradeTests -->
