<?xml version="1.0" encoding="UTF-8"?>
<!-- Generated by org.testng.reporters.JUnitReportReporter -->
<testsuite skipped="0" hostname="DESKTOP-E13GJAV" name="com.kraken.tests.OrderBookTests" tests="6" failures="0" timestamp="2022-07-02T23:01:17 CEST" time="9.209" errors="0">
  <testcase name="validateSymbolIsCorrect" time="1.540" classname="com.kraken.tests.OrderBookTests"/>
  <system-out/>
  <testcase name="validateSortingOfOrdersInBookSnapshot" time="1.521" classname="com.kraken.tests.OrderBookTests"/>
  <system-out/>
  <testcase name="validateBestAskIsGreaterThanBestBidInBookSnapshot" time="1.533" classname="com.kraken.tests.OrderBookTests"/>
  <system-out/>
  <testcase name="validateBestAskIsGreaterThanBestBidInBookSnapshot" time="1.542" classname="com.kraken.tests.OrderBookTests"/>
  <system-out/>
  <testcase name="validateSortingOfOrdersInBookSnapshot" time="1.533" classname="com.kraken.tests.OrderBookTests"/>
  <system-out/>
  <testcase name="validateSymbolIsCorrect" time="1.540" classname="com.kraken.tests.OrderBookTests"/>
  <system-out/>
</testsuite> <!-- com.kraken.tests.OrderBookTests -->
